21:29:42.994 [INFO] (trainer.py:88) Restored results/DDPG_OK/ckpt-43
21:30:28.539 [INFO] (trainer.py:181) Total Epi:     1 Steps:    1002 Episode Steps:  1002 Return:  226.9095 TIME(s):  45.54 FPS: 22.00
21:30:36.734 [INFO] (trainer.py:181) Total Epi:     2 Steps:    1167 Episode Steps:   165 Return:  34.4273 TIME(s):   8.19 FPS: 20.14
21:30:45.857 [INFO] (trainer.py:181) Total Epi:     3 Steps:    1353 Episode Steps:   186 Return:  48.2066 TIME(s):   9.12 FPS: 20.39
21:30:55.592 [INFO] (trainer.py:181) Total Epi:     4 Steps:    1554 Episode Steps:   201 Return:  50.3614 TIME(s):   9.73 FPS: 20.65
21:31:04.981 [INFO] (trainer.py:181) Total Epi:     5 Steps:    1747 Episode Steps:   193 Return:  50.5009 TIME(s):   9.39 FPS: 20.56
21:31:14.337 [INFO] (trainer.py:181) Total Epi:     6 Steps:    1939 Episode Steps:   192 Return:  50.7220 TIME(s):   9.35 FPS: 20.52
21:31:24.006 [INFO] (trainer.py:181) Total Epi:     7 Steps:    2139 Episode Steps:   200 Return:  49.3489 TIME(s):   9.67 FPS: 20.69
21:31:33.290 [INFO] (trainer.py:181) Total Epi:     8 Steps:    2329 Episode Steps:   190 Return:  48.7239 TIME(s):   9.28 FPS: 20.47
21:31:42.433 [INFO] (trainer.py:181) Total Epi:     9 Steps:    2515 Episode Steps:   186 Return:  45.7604 TIME(s):   9.14 FPS: 20.34
21:31:52.142 [INFO] (trainer.py:181) Total Epi:    10 Steps:    2715 Episode Steps:   200 Return:  49.0106 TIME(s):   9.71 FPS: 20.60
21:32:01.577 [INFO] (trainer.py:181) Total Epi:    11 Steps:    2908 Episode Steps:   193 Return:  48.4652 TIME(s):   9.43 FPS: 20.46
21:32:11.098 [INFO] (trainer.py:181) Total Epi:    12 Steps:    3104 Episode Steps:   196 Return:  47.8690 TIME(s):   9.52 FPS: 20.59
21:32:20.445 [INFO] (trainer.py:181) Total Epi:    13 Steps:    3293 Episode Steps:   189 Return:  45.9867 TIME(s):   9.35 FPS: 20.22
21:32:29.931 [INFO] (trainer.py:181) Total Epi:    14 Steps:    3488 Episode Steps:   195 Return:  47.3962 TIME(s):   9.48 FPS: 20.56
21:32:39.504 [INFO] (trainer.py:181) Total Epi:    15 Steps:    3685 Episode Steps:   197 Return:  47.6490 TIME(s):   9.57 FPS: 20.58
21:32:48.913 [INFO] (trainer.py:181) Total Epi:    16 Steps:    3877 Episode Steps:   192 Return:  46.8269 TIME(s):   9.41 FPS: 20.41
21:32:58.378 [INFO] (trainer.py:181) Total Epi:    17 Steps:    4070 Episode Steps:   193 Return:  47.5567 TIME(s):   9.46 FPS: 20.39
21:33:07.961 [INFO] (trainer.py:181) Total Epi:    18 Steps:    4264 Episode Steps:   194 Return:  46.8041 TIME(s):   9.58 FPS: 20.25
21:33:17.363 [INFO] (trainer.py:181) Total Epi:    19 Steps:    4454 Episode Steps:   190 Return:  48.6553 TIME(s):   9.40 FPS: 20.21
21:33:26.724 [INFO] (trainer.py:181) Total Epi:    20 Steps:    4646 Episode Steps:   192 Return:  47.1179 TIME(s):   9.36 FPS: 20.51
21:33:36.597 [INFO] (trainer.py:181) Total Epi:    21 Steps:    4848 Episode Steps:   202 Return:  47.1752 TIME(s):   9.87 FPS: 20.47
21:33:45.916 [INFO] (trainer.py:181) Total Epi:    22 Steps:    5039 Episode Steps:   191 Return:  47.2184 TIME(s):   9.32 FPS: 20.50
21:33:55.235 [INFO] (trainer.py:181) Total Epi:    23 Steps:    5230 Episode Steps:   191 Return:  47.9308 TIME(s):   9.32 FPS: 20.50
21:34:04.621 [INFO] (trainer.py:181) Total Epi:    24 Steps:    5422 Episode Steps:   192 Return:  48.9319 TIME(s):   9.38 FPS: 20.46
21:34:13.943 [INFO] (trainer.py:181) Total Epi:    25 Steps:    5612 Episode Steps:   190 Return:  48.0042 TIME(s):   9.32 FPS: 20.38
21:34:23.379 [INFO] (trainer.py:181) Total Epi:    26 Steps:    5806 Episode Steps:   194 Return:  48.6072 TIME(s):   9.44 FPS: 20.56
21:34:32.856 [INFO] (trainer.py:181) Total Epi:    27 Steps:    6000 Episode Steps:   194 Return:  49.3567 TIME(s):   9.48 FPS: 20.47
21:34:42.304 [INFO] (trainer.py:181) Total Epi:    28 Steps:    6194 Episode Steps:   194 Return:  49.7726 TIME(s):   9.45 FPS: 20.54
21:34:51.799 [INFO] (trainer.py:181) Total Epi:    29 Steps:    6389 Episode Steps:   195 Return:  48.5500 TIME(s):   9.49 FPS: 20.54
21:35:01.256 [INFO] (trainer.py:181) Total Epi:    30 Steps:    6583 Episode Steps:   194 Return:  50.5249 TIME(s):   9.45 FPS: 20.52
21:35:10.912 [INFO] (trainer.py:181) Total Epi:    31 Steps:    6780 Episode Steps:   197 Return:  49.3532 TIME(s):   9.65 FPS: 20.40
21:35:20.354 [INFO] (trainer.py:181) Total Epi:    32 Steps:    6974 Episode Steps:   194 Return:  48.6134 TIME(s):   9.44 FPS: 20.55
21:35:30.018 [INFO] (trainer.py:181) Total Epi:    33 Steps:    7173 Episode Steps:   199 Return:  49.5539 TIME(s):   9.66 FPS: 20.59
21:35:38.850 [INFO] (trainer.py:181) Total Epi:    34 Steps:    7352 Episode Steps:   179 Return:  47.2181 TIME(s):   8.83 FPS: 20.27
21:35:48.426 [INFO] (trainer.py:181) Total Epi:    35 Steps:    7549 Episode Steps:   197 Return:  51.2363 TIME(s):   9.57 FPS: 20.58
21:35:57.862 [INFO] (trainer.py:181) Total Epi:    36 Steps:    7742 Episode Steps:   193 Return:  50.0527 TIME(s):   9.43 FPS: 20.46
21:36:06.868 [INFO] (trainer.py:181) Total Epi:    37 Steps:    7925 Episode Steps:   183 Return:  46.6570 TIME(s):   9.00 FPS: 20.32
21:36:16.384 [INFO] (trainer.py:181) Total Epi:    38 Steps:    8121 Episode Steps:   196 Return:  50.9261 TIME(s):   9.51 FPS: 20.60
21:36:26.456 [INFO] (trainer.py:181) Total Epi:    39 Steps:    8331 Episode Steps:   210 Return:  52.7808 TIME(s):  10.07 FPS: 20.85
21:36:36.050 [INFO] (trainer.py:181) Total Epi:    40 Steps:    8528 Episode Steps:   197 Return:  51.6030 TIME(s):   9.59 FPS: 20.54
21:36:45.733 [INFO] (trainer.py:181) Total Epi:    41 Steps:    8728 Episode Steps:   200 Return:  50.6126 TIME(s):   9.68 FPS: 20.66
21:36:55.168 [INFO] (trainer.py:181) Total Epi:    42 Steps:    8922 Episode Steps:   194 Return:  51.1401 TIME(s):   9.43 FPS: 20.56
21:37:04.530 [INFO] (trainer.py:181) Total Epi:    43 Steps:    9113 Episode Steps:   191 Return:  51.8380 TIME(s):   9.36 FPS: 20.40
21:37:14.041 [INFO] (trainer.py:181) Total Epi:    44 Steps:    9309 Episode Steps:   196 Return:  51.9425 TIME(s):   9.51 FPS: 20.61
21:37:23.455 [INFO] (trainer.py:181) Total Epi:    45 Steps:    9502 Episode Steps:   193 Return:  52.5462 TIME(s):   9.41 FPS: 20.50
21:37:33.049 [INFO] (trainer.py:181) Total Epi:    46 Steps:    9700 Episode Steps:   198 Return:  51.8071 TIME(s):   9.59 FPS: 20.64
21:37:42.521 [INFO] (trainer.py:181) Total Epi:    47 Steps:    9895 Episode Steps:   195 Return:  50.8999 TIME(s):   9.47 FPS: 20.59
21:37:56.558 [INFO] (trainer.py:216) Evaluation Total Steps:   10000 Average Reward  52.1383 over  1 episodes
21:37:56.560 [INFO] (trainer.py:225) Saving checkpoint
21:37:57.775 [INFO] (trainer.py:181) Total Epi:    48 Steps:   10001 Episode Steps:   106 Return:  15.8308 TIME(s):  15.25 FPS:  6.95
21:38:07.229 [INFO] (trainer.py:181) Total Epi:    49 Steps:   10195 Episode Steps:   194 Return:  50.6277 TIME(s):   9.45 FPS: 20.52
21:38:16.601 [INFO] (trainer.py:181) Total Epi:    50 Steps:   10387 Episode Steps:   192 Return:  49.8687 TIME(s):   9.37 FPS: 20.49
21:38:26.101 [INFO] (trainer.py:181) Total Epi:    51 Steps:   10581 Episode Steps:   194 Return:  51.8429 TIME(s):   9.50 FPS: 20.42
21:38:35.825 [INFO] (trainer.py:181) Total Epi:    52 Steps:   10782 Episode Steps:   201 Return:  50.1312 TIME(s):   9.72 FPS: 20.67
21:38:45.263 [INFO] (trainer.py:181) Total Epi:    53 Steps:   10976 Episode Steps:   194 Return:  51.9268 TIME(s):   9.44 FPS: 20.56
21:38:54.898 [INFO] (trainer.py:181) Total Epi:    54 Steps:   11175 Episode Steps:   199 Return:  51.5719 TIME(s):   9.63 FPS: 20.66
21:39:04.490 [INFO] (trainer.py:181) Total Epi:    55 Steps:   11373 Episode Steps:   198 Return:  53.0001 TIME(s):   9.59 FPS: 20.64
21:39:14.237 [INFO] (trainer.py:181) Total Epi:    56 Steps:   11575 Episode Steps:   202 Return:  53.0940 TIME(s):   9.75 FPS: 20.73
21:39:23.958 [INFO] (trainer.py:181) Total Epi:    57 Steps:   11776 Episode Steps:   201 Return:  51.5471 TIME(s):   9.72 FPS: 20.68
21:39:33.479 [INFO] (trainer.py:181) Total Epi:    58 Steps:   11972 Episode Steps:   196 Return:  50.4609 TIME(s):   9.52 FPS: 20.59
21:39:43.269 [INFO] (trainer.py:181) Total Epi:    59 Steps:   12175 Episode Steps:   203 Return:  51.1227 TIME(s):   9.79 FPS: 20.74
21:39:53.021 [INFO] (trainer.py:181) Total Epi:    60 Steps:   12377 Episode Steps:   202 Return:  50.1178 TIME(s):   9.75 FPS: 20.71
21:40:46.383 [INFO] (trainer.py:181) Total Epi:    61 Steps:   13631 Episode Steps:  1254 Return:  325.0926 TIME(s):  53.36 FPS: 23.50
21:40:55.826 [INFO] (trainer.py:181) Total Epi:    62 Steps:   13825 Episode Steps:   194 Return:  51.7909 TIME(s):   9.44 FPS: 20.55
21:41:05.388 [INFO] (trainer.py:181) Total Epi:    63 Steps:   14022 Episode Steps:   197 Return:  47.9243 TIME(s):   9.56 FPS: 20.61
21:41:15.019 [INFO] (trainer.py:181) Total Epi:    64 Steps:   14221 Episode Steps:   199 Return:  51.4857 TIME(s):   9.63 FPS: 20.67
21:41:24.422 [INFO] (trainer.py:181) Total Epi:    65 Steps:   14414 Episode Steps:   193 Return:  51.4404 TIME(s):   9.40 FPS: 20.53
21:41:33.729 [INFO] (trainer.py:181) Total Epi:    66 Steps:   14604 Episode Steps:   190 Return:  51.0876 TIME(s):   9.31 FPS: 20.42
21:41:43.049 [INFO] (trainer.py:181) Total Epi:    67 Steps:   14794 Episode Steps:   190 Return:  49.1877 TIME(s):   9.32 FPS: 20.39
21:41:52.567 [INFO] (trainer.py:181) Total Epi:    68 Steps:   14990 Episode Steps:   196 Return:  52.2033 TIME(s):   9.52 FPS: 20.60
21:42:02.241 [INFO] (trainer.py:181) Total Epi:    69 Steps:   15190 Episode Steps:   200 Return:  50.5886 TIME(s):   9.67 FPS: 20.68
21:42:38.734 [INFO] (trainer.py:181) Total Epi:    70 Steps:   16022 Episode Steps:   832 Return:  147.8683 TIME(s):  36.49 FPS: 22.80
21:43:09.567 [INFO] (trainer.py:181) Total Epi:    71 Steps:   16717 Episode Steps:   695 Return:  124.6632 TIME(s):  30.83 FPS: 22.54
21:43:22.999 [INFO] (trainer.py:181) Total Epi:    72 Steps:   17011 Episode Steps:   294 Return:  51.7097 TIME(s):  13.43 FPS: 21.89
21:44:33.241 [INFO] (trainer.py:181) Total Epi:    73 Steps:   18676 Episode Steps:  1665 Return:  374.1974 TIME(s):  70.24 FPS: 23.70
21:44:44.633 [INFO] (trainer.py:181) Total Epi:    74 Steps:   18919 Episode Steps:   243 Return:  50.1285 TIME(s):  11.39 FPS: 21.33
21:44:55.583 [INFO] (trainer.py:181) Total Epi:    75 Steps:   19151 Episode Steps:   232 Return:  49.5227 TIME(s):  10.95 FPS: 21.19
21:45:06.589 [INFO] (trainer.py:181) Total Epi:    76 Steps:   19384 Episode Steps:   233 Return:  50.3085 TIME(s):  11.00 FPS: 21.17
21:45:30.569 [INFO] (trainer.py:181) Total Epi:    77 Steps:   19925 Episode Steps:   541 Return:  113.3486 TIME(s):  23.98 FPS: 22.56
21:45:45.236 [INFO] (trainer.py:216) Evaluation Total Steps:   20000 Average Reward  51.1986 over  1 episodes
21:45:45.238 [INFO] (trainer.py:225) Saving checkpoint
21:45:46.421 [INFO] (trainer.py:181) Total Epi:    78 Steps:   20001 Episode Steps:    76 Return:  7.7326 TIME(s):  15.85 FPS:  4.79
21:45:57.597 [INFO] (trainer.py:181) Total Epi:    79 Steps:   20238 Episode Steps:   237 Return:  50.0677 TIME(s):  11.17 FPS: 21.21
21:46:08.879 [INFO] (trainer.py:181) Total Epi:    80 Steps:   20478 Episode Steps:   240 Return:  49.1980 TIME(s):  11.28 FPS: 21.28
21:46:13.998 [INFO] (trainer.py:181) Total Epi:    81 Steps:   20573 Episode Steps:    95 Return:  8.1463 TIME(s):   5.12 FPS: 18.56
21:46:22.365 [INFO] (trainer.py:181) Total Epi:    82 Steps:   20742 Episode Steps:   169 Return:  32.0785 TIME(s):   8.37 FPS: 20.20
21:46:33.801 [INFO] (trainer.py:181) Total Epi:    83 Steps:   20985 Episode Steps:   243 Return:  49.4829 TIME(s):  11.43 FPS: 21.25
21:46:42.656 [INFO] (trainer.py:181) Total Epi:    84 Steps:   21165 Episode Steps:   180 Return:  33.6337 TIME(s):   8.85 FPS: 20.33
21:46:54.194 [INFO] (trainer.py:181) Total Epi:    85 Steps:   21411 Episode Steps:   246 Return:  48.5256 TIME(s):  11.54 FPS: 21.32
21:47:05.347 [INFO] (trainer.py:181) Total Epi:    86 Steps:   21648 Episode Steps:   237 Return:  48.5633 TIME(s):  11.15 FPS: 21.25
21:47:10.122 [INFO] (trainer.py:181) Total Epi:    87 Steps:   21735 Episode Steps:    87 Return:  6.0018 TIME(s):   4.77 FPS: 18.23
21:47:18.951 [INFO] (trainer.py:181) Total Epi:    88 Steps:   21914 Episode Steps:   179 Return:  33.7212 TIME(s):   8.83 FPS: 20.28
21:47:29.989 [INFO] (trainer.py:181) Total Epi:    89 Steps:   22148 Episode Steps:   234 Return:  48.0783 TIME(s):  11.04 FPS: 21.20
21:47:35.413 [INFO] (trainer.py:181) Total Epi:    90 Steps:   22250 Episode Steps:   102 Return:  11.5225 TIME(s):   5.42 FPS: 18.81
21:47:43.569 [INFO] (trainer.py:181) Total Epi:    91 Steps:   22414 Episode Steps:   164 Return:  28.0098 TIME(s):   8.15 FPS: 20.11
21:47:52.439 [INFO] (trainer.py:181) Total Epi:    92 Steps:   22593 Episode Steps:   179 Return:  33.6772 TIME(s):   8.87 FPS: 20.18
21:48:00.549 [INFO] (trainer.py:181) Total Epi:    93 Steps:   22756 Episode Steps:   163 Return:  27.8294 TIME(s):   8.11 FPS: 20.10
21:48:08.838 [INFO] (trainer.py:181) Total Epi:    94 Steps:   22923 Episode Steps:   167 Return:  30.6048 TIME(s):   8.29 FPS: 20.15
21:48:21.761 [INFO] (trainer.py:181) Total Epi:    95 Steps:   23204 Episode Steps:   281 Return:  43.7895 TIME(s):  12.92 FPS: 21.75
21:48:29.780 [INFO] (trainer.py:181) Total Epi:    96 Steps:   23365 Episode Steps:   161 Return:  26.8116 TIME(s):   8.02 FPS: 20.08
21:48:37.998 [INFO] (trainer.py:181) Total Epi:    97 Steps:   23530 Episode Steps:   165 Return:  28.3226 TIME(s):   8.22 FPS: 20.08
21:48:45.702 [INFO] (trainer.py:181) Total Epi:    98 Steps:   23684 Episode Steps:   154 Return:  27.1613 TIME(s):   7.70 FPS: 19.99
21:48:57.595 [INFO] (trainer.py:181) Total Epi:    99 Steps:   23939 Episode Steps:   255 Return:  45.9132 TIME(s):  11.89 FPS: 21.44
21:49:07.250 [INFO] (trainer.py:181) Total Epi:   100 Steps:   24138 Episode Steps:   199 Return:  38.5644 TIME(s):   9.65 FPS: 20.61
21:49:15.263 [INFO] (trainer.py:181) Total Epi:   101 Steps:   24299 Episode Steps:   161 Return:  26.3513 TIME(s):   8.01 FPS: 20.10
21:49:27.420 [INFO] (trainer.py:181) Total Epi:   102 Steps:   24561 Episode Steps:   262 Return:  44.3246 TIME(s):  12.16 FPS: 21.55
21:49:37.505 [INFO] (trainer.py:181) Total Epi:   103 Steps:   24771 Episode Steps:   210 Return:  38.5724 TIME(s):  10.08 FPS: 20.83
21:49:45.805 [INFO] (trainer.py:181) Total Epi:   104 Steps:   24938 Episode Steps:   167 Return:  29.1092 TIME(s):   8.30 FPS: 20.12
21:49:55.917 [INFO] (trainer.py:181) Total Epi:   105 Steps:   25149 Episode Steps:   211 Return:  41.6672 TIME(s):  10.11 FPS: 20.87
21:50:06.900 [INFO] (trainer.py:181) Total Epi:   106 Steps:   25381 Episode Steps:   232 Return:  46.5841 TIME(s):  10.98 FPS: 21.13
21:50:15.721 [INFO] (trainer.py:181) Total Epi:   107 Steps:   25560 Episode Steps:   179 Return:  35.5460 TIME(s):   8.82 FPS: 20.30
21:50:24.077 [INFO] (trainer.py:181) Total Epi:   108 Steps:   25728 Episode Steps:   168 Return:  28.7850 TIME(s):   8.35 FPS: 20.11
21:50:33.626 [INFO] (trainer.py:181) Total Epi:   109 Steps:   25925 Episode Steps:   197 Return:  42.6511 TIME(s):   9.55 FPS: 20.63
21:50:43.509 [INFO] (trainer.py:181) Total Epi:   110 Steps:   26129 Episode Steps:   204 Return:  40.9054 TIME(s):   9.88 FPS: 20.64
21:50:54.383 [INFO] (trainer.py:181) Total Epi:   111 Steps:   26359 Episode Steps:   230 Return:  48.5955 TIME(s):  10.87 FPS: 21.15
21:51:04.252 [INFO] (trainer.py:181) Total Epi:   112 Steps:   26564 Episode Steps:   205 Return:  43.9884 TIME(s):   9.87 FPS: 20.77
21:51:15.123 [INFO] (trainer.py:181) Total Epi:   113 Steps:   26794 Episode Steps:   230 Return:  48.4327 TIME(s):  10.87 FPS: 21.16
21:51:24.111 [INFO] (trainer.py:181) Total Epi:   114 Steps:   26977 Episode Steps:   183 Return:  39.2564 TIME(s):   8.99 FPS: 20.36
21:51:35.399 [INFO] (trainer.py:181) Total Epi:   115 Steps:   27217 Episode Steps:   240 Return:  47.8631 TIME(s):  11.29 FPS: 21.26
21:51:44.635 [INFO] (trainer.py:181) Total Epi:   116 Steps:   27405 Episode Steps:   188 Return:  41.6655 TIME(s):   9.23 FPS: 20.36
21:51:55.679 [INFO] (trainer.py:181) Total Epi:   117 Steps:   27639 Episode Steps:   234 Return:  47.8618 TIME(s):  11.04 FPS: 21.19
21:52:05.682 [INFO] (trainer.py:181) Total Epi:   118 Steps:   27847 Episode Steps:   208 Return:  49.2848 TIME(s):  10.00 FPS: 20.80
21:52:16.320 [INFO] (trainer.py:181) Total Epi:   119 Steps:   28070 Episode Steps:   223 Return:  47.8050 TIME(s):  10.64 FPS: 20.97
21:52:27.487 [INFO] (trainer.py:181) Total Epi:   120 Steps:   28307 Episode Steps:   237 Return:  48.5244 TIME(s):  11.17 FPS: 21.22
21:53:12.134 [INFO] (trainer.py:181) Total Epi:   121 Steps:   29344 Episode Steps:  1037 Return:  229.4495 TIME(s):  44.65 FPS: 23.23
21:53:22.231 [INFO] (trainer.py:181) Total Epi:   122 Steps:   29554 Episode Steps:   210 Return:  49.8740 TIME(s):  10.10 FPS: 20.80
21:53:32.135 [INFO] (trainer.py:181) Total Epi:   123 Steps:   29759 Episode Steps:   205 Return:  47.7526 TIME(s):   9.90 FPS: 20.70
21:53:41.848 [INFO] (trainer.py:181) Total Epi:   124 Steps:   29960 Episode Steps:   201 Return:  50.3196 TIME(s):   9.71 FPS: 20.70
21:53:53.420 [INFO] (trainer.py:216) Evaluation Total Steps:   30000 Average Reward  48.6633 over  1 episodes
21:53:53.422 [INFO] (trainer.py:225) Saving checkpoint
21:53:54.603 [INFO] (trainer.py:181) Total Epi:   125 Steps:   30001 Episode Steps:    41 Return:  1.4201 TIME(s):  12.75 FPS:  3.21
21:54:04.457 [INFO] (trainer.py:181) Total Epi:   126 Steps:   30205 Episode Steps:   204 Return:  47.8137 TIME(s):   9.85 FPS: 20.70
21:54:15.093 [INFO] (trainer.py:181) Total Epi:   127 Steps:   30429 Episode Steps:   224 Return:  47.6619 TIME(s):  10.63 FPS: 21.06
21:54:25.198 [INFO] (trainer.py:181) Total Epi:   128 Steps:   30639 Episode Steps:   210 Return:  49.3756 TIME(s):  10.10 FPS: 20.78
21:54:35.401 [INFO] (trainer.py:181) Total Epi:   129 Steps:   30852 Episode Steps:   213 Return:  49.2927 TIME(s):  10.20 FPS: 20.88
21:54:45.545 [INFO] (trainer.py:181) Total Epi:   130 Steps:   31063 Episode Steps:   211 Return:  48.8087 TIME(s):  10.14 FPS: 20.80
21:54:55.361 [INFO] (trainer.py:181) Total Epi:   131 Steps:   31266 Episode Steps:   203 Return:  49.8172 TIME(s):   9.81 FPS: 20.68
21:55:05.085 [INFO] (trainer.py:181) Total Epi:   132 Steps:   31466 Episode Steps:   200 Return:  50.5684 TIME(s):   9.72 FPS: 20.57
21:55:15.386 [INFO] (trainer.py:181) Total Epi:   133 Steps:   31681 Episode Steps:   215 Return:  48.7034 TIME(s):  10.30 FPS: 20.88
21:55:24.922 [INFO] (trainer.py:181) Total Epi:   134 Steps:   31877 Episode Steps:   196 Return:  49.1810 TIME(s):   9.53 FPS: 20.56
21:55:34.493 [INFO] (trainer.py:181) Total Epi:   135 Steps:   32074 Episode Steps:   197 Return:  48.3475 TIME(s):   9.57 FPS: 20.58
21:55:44.313 [INFO] (trainer.py:181) Total Epi:   136 Steps:   32277 Episode Steps:   203 Return:  49.7548 TIME(s):   9.82 FPS: 20.67
21:55:54.204 [INFO] (trainer.py:181) Total Epi:   137 Steps:   32481 Episode Steps:   204 Return:  47.8874 TIME(s):   9.89 FPS: 20.63
21:56:04.405 [INFO] (trainer.py:181) Total Epi:   138 Steps:   32694 Episode Steps:   213 Return:  49.5985 TIME(s):  10.20 FPS: 20.88
21:56:14.075 [INFO] (trainer.py:181) Total Epi:   139 Steps:   32894 Episode Steps:   200 Return:  48.0375 TIME(s):   9.67 FPS: 20.68
21:56:24.498 [INFO] (trainer.py:181) Total Epi:   140 Steps:   33112 Episode Steps:   218 Return:  48.9031 TIME(s):  10.42 FPS: 20.92
21:56:54.208 [INFO] (trainer.py:181) Total Epi:   141 Steps:   33783 Episode Steps:   671 Return:  47.1500 TIME(s):  29.71 FPS: 22.59
21:57:04.894 [INFO] (trainer.py:181) Total Epi:   142 Steps:   34008 Episode Steps:   225 Return:  48.9868 TIME(s):  10.69 FPS: 21.06
21:57:14.604 [INFO] (trainer.py:181) Total Epi:   143 Steps:   34208 Episode Steps:   200 Return:  48.8917 TIME(s):   9.71 FPS: 20.60
21:57:57.899 [INFO] (trainer.py:181) Total Epi:   144 Steps:   35210 Episode Steps:  1002 Return:  47.7556 TIME(s):  43.29 FPS: 23.14
21:58:08.254 [INFO] (trainer.py:181) Total Epi:   145 Steps:   35427 Episode Steps:   217 Return:  47.1575 TIME(s):  10.35 FPS: 20.96
21:58:18.288 [INFO] (trainer.py:181) Total Epi:   146 Steps:   35636 Episode Steps:   209 Return:  43.9034 TIME(s):  10.03 FPS: 20.83
21:58:29.159 [INFO] (trainer.py:181) Total Epi:   147 Steps:   35866 Episode Steps:   230 Return:  48.3420 TIME(s):  10.87 FPS: 21.16
21:58:39.946 [INFO] (trainer.py:181) Total Epi:   148 Steps:   36094 Episode Steps:   228 Return:  48.9636 TIME(s):  10.79 FPS: 21.14
21:58:49.589 [INFO] (trainer.py:181) Total Epi:   149 Steps:   36293 Episode Steps:   199 Return:  47.4954 TIME(s):   9.64 FPS: 20.64
21:59:00.388 [INFO] (trainer.py:181) Total Epi:   150 Steps:   36521 Episode Steps:   228 Return:  50.5883 TIME(s):  10.80 FPS: 21.12
21:59:11.127 [INFO] (trainer.py:181) Total Epi:   151 Steps:   36747 Episode Steps:   226 Return:  50.7502 TIME(s):  10.74 FPS: 21.05
21:59:21.284 [INFO] (trainer.py:181) Total Epi:   152 Steps:   36959 Episode Steps:   212 Return:  49.0895 TIME(s):  10.16 FPS: 20.87
21:59:32.799 [INFO] (trainer.py:181) Total Epi:   153 Steps:   37205 Episode Steps:   246 Return:  50.9485 TIME(s):  11.51 FPS: 21.37
22:00:04.696 [INFO] (trainer.py:181) Total Epi:   154 Steps:   37927 Episode Steps:   722 Return:  163.1871 TIME(s):  31.90 FPS: 22.64
22:00:31.409 [INFO] (trainer.py:181) Total Epi:   155 Steps:   38531 Episode Steps:   604 Return:  148.7697 TIME(s):  26.71 FPS: 22.61
22:00:42.734 [INFO] (trainer.py:181) Total Epi:   156 Steps:   38772 Episode Steps:   241 Return:  51.4872 TIME(s):  11.32 FPS: 21.28
22:01:15.095 [INFO] (trainer.py:181) Total Epi:   157 Steps:   39504 Episode Steps:   732 Return:  165.1203 TIME(s):  32.36 FPS: 22.62
22:02:12.115 [INFO] (trainer.py:216) Evaluation Total Steps:   40000 Average Reward  164.6756 over  1 episodes
22:02:12.117 [INFO] (trainer.py:225) Saving checkpoint
22:02:13.279 [INFO] (trainer.py:181) Total Epi:   158 Steps:   40001 Episode Steps:   497 Return:  121.6012 TIME(s):  58.18 FPS:  8.54
